<?xml version="1.0" encoding="UTF-8"?>
<!-- Generated by org.testng.reporters.JUnitXMLReporter -->
<testsuite hostname="DESKTOP-QRGQV12" ignored="0" name="Default test" tests="4" failures="0" timestamp="02 Aug 2018 22:00:05 GMT" time="7.659" errors="0">
  <testcase name="TestCloseAndCancelButtons" time="0.835" classname="org.my.samplelogin.example_login.org.my.samplelogin.example_login.PositiveTests"/>
  <testcase name="TestLoginAndCheckTitles" time="0.926" classname="org.my.samplelogin.example_login.org.my.samplelogin.example_login.PositiveTests"/>
  <testcase name="TestRememeberMeChekbox" time="0.381" classname="org.my.samplelogin.example_login.org.my.samplelogin.example_login.PositiveTests"/>
  <testcase name="TestSimpleLogin" time="0.723" classname="org.my.samplelogin.example_login.org.my.samplelogin.example_login.PositiveTests"/>
</testsuite> <!-- Default test -->
